<?xml version="1.0" encoding="UTF-8"?>
<testng-results skipped="0" failed="0" ignored="0" total="1" passed="1">
  <reporter-output>
  </reporter-output>
  <suite name="Default suite" duration-ms="23884" started-at="2017-11-23T05:35:53Z" finished-at="2017-11-23T05:36:17Z">
    <groups>
    </groups>
    <test name="Default test" duration-ms="23884" started-at="2017-11-23T05:35:53Z" finished-at="2017-11-23T05:36:17Z">
      <class name="com.portfolio.testcases.Testcases">
        <test-method status="PASS" signature="setup()[pri:0, instance:com.portfolio.testcases.Testcases@482f8f11]" name="setup" is-config="true" duration-ms="10425" started-at="2017-11-23T00:35:53Z" finished-at="2017-11-23T00:36:04Z">
          <reporter-output>
          </reporter-output>
        </test-method> <!-- setup -->
        <test-method status="PASS" signature="firsttest()[pri:0, instance:com.portfolio.testcases.Testcases@482f8f11]" name="firsttest" duration-ms="13154" started-at="2017-11-23T00:36:04Z" finished-at="2017-11-23T00:36:17Z">
          <reporter-output>
          </reporter-output>
        </test-method> <!-- firsttest -->
        <test-method status="PASS" signature="teardown()[pri:0, instance:com.portfolio.testcases.Testcases@482f8f11]" name="teardown" is-config="true" duration-ms="276" started-at="2017-11-23T00:36:17Z" finished-at="2017-11-23T00:36:17Z">
          <reporter-output>
          </reporter-output>
        </test-method> <!-- teardown -->
      </class> <!-- com.portfolio.testcases.Testcases -->
    </test> <!-- Default test -->
  </suite> <!-- Default suite -->
</testng-results>
